<?xml version="1.0" encoding="UTF-8"?>
<testng-results ignored="0" total="1" passed="1" failed="0" skipped="0">
  <reporter-output>
  </reporter-output>
  <suite started-at="2021-07-20T12:28:46 IST" name="Suite" finished-at="2021-07-20T12:28:59 IST" duration-ms="13364">
    <groups>
    </groups>
    <test started-at="2021-07-20T12:28:46 IST" name="Test" finished-at="2021-07-20T12:28:59 IST" duration-ms="13364">
      <class name="assignmentAutomation.ref.in.AssignmentOne">
        <test-method signature="authentication()[pri:0, instance:assignmentAutomation.ref.in.AssignmentOne@3439f68d]" started-at="2021-07-20T12:28:46 IST" name="authentication" finished-at="2021-07-20T12:28:59 IST" duration-ms="13319" status="PASS">
          <reporter-output>
          </reporter-output>
        </test-method> <!-- authentication -->
      </class> <!-- assignmentAutomation.ref.in.AssignmentOne -->
    </test> <!-- Test -->
  </suite> <!-- Suite -->
</testng-results>
