<?xml version="1.0" encoding="UTF-8"?>
<testng-results ignored="0" total="1" passed="1" failed="0" skipped="0">
  <reporter-output>
  </reporter-output>
  <suite started-at="2021-07-20T12:18:33 IST" name="Default suite" finished-at="2021-07-20T12:18:46 IST" duration-ms="13084">
    <groups>
    </groups>
    <test started-at="2021-07-20T12:18:33 IST" name="Default test" finished-at="2021-07-20T12:18:46 IST" duration-ms="13084">
      <class name="assignmentAutomation.ref.in.AssignmentOne">
        <test-method signature="authentication()[pri:0, instance:assignmentAutomation.ref.in.AssignmentOne@2b546384]" started-at="2021-07-20T12:18:33 IST" name="authentication" finished-at="2021-07-20T12:18:46 IST" duration-ms="13031" status="PASS">
          <reporter-output>
          </reporter-output>
        </test-method> <!-- authentication -->
      </class> <!-- assignmentAutomation.ref.in.AssignmentOne -->
    </test> <!-- Default test -->
  </suite> <!-- Default suite -->
</testng-results>
